

Microchip MPLAB XC8 Assembler V2.32 build 20210201212658 
                                                                                               Thu Mar 31 00:58:02 2022

Microchip MPLAB XC8 C Compiler v2.32 (Free license) build 20210201212658 Og1 
     1                           	processor	16F88
     2                           	pagewidth 120
     3                           	opt	flic
     4                           	psect	cinit,global,class=CODE,merge=1,delta=2
     5                           	psect	bssCOMMON,global,class=COMMON,space=1,delta=1,noexec
     6                           	psect	cstackCOMMON,global,class=COMMON,space=1,delta=1,noexec
     7                           	psect	maintext,global,class=CODE,split=1,delta=2
     8                           	psect	text1,local,class=CODE,merge=1,delta=2
     9                           	psect	text2,local,class=CODE,merge=1,delta=2
    10                           	psect	intentry,global,class=CODE,delta=2
    11                           	psect	idloc,global,abs,ovrld,class=IDLOC,space=5,delta=2,noexec
    12                           	psect	config,global,abs,ovrld,class=CONFIG,space=4,delta=2,noexec
    13                           	dabs	1,0x7E,2
    14  0000                     
    15                           ; Version 2.40
    16                           ; Generated 17/11/2021 GMT
    17                           ; 
    18                           ; Copyright © 2021, Microchip Technology Inc. and its subsidiaries ("Microchip")
    19                           ; All rights reserved.
    20                           ; 
    21                           ; This software is developed by Microchip Technology Inc. and its subsidiaries ("Microch
      +                          ip").
    22                           ; 
    23                           ; Redistribution and use in source and binary forms, with or without modification, are
    24                           ; permitted provided that the following conditions are met:
    25                           ; 
    26                           ;     1. Redistributions of source code must retain the above copyright notice, this lis
      +                          t of
    27                           ;        conditions and the following disclaimer.
    28                           ; 
    29                           ;     2. Redistributions in binary form must reproduce the above copyright notice, this 
      +                          list
    30                           ;        of conditions and the following disclaimer in the documentation and/or other
    31                           ;        materials provided with the distribution. Publication is not required when
    32                           ;        this file is used in an embedded application.
    33                           ; 
    34                           ;     3. Microchip's name may not be used to endorse or promote products derived from th
      +                          is
    35                           ;        software without specific prior written permission.
    36                           ; 
    37                           ; THIS SOFTWARE IS PROVIDED BY MICROCHIP "AS IS" AND ANY EXPRESS OR IMPLIED WARRANTIES,
    38                           ; INCLUDING, BUT NOT LIMITED TO, THE IMPLIED WARRANTIES OF MERCHANTABILITY AND FITNESS F
      +                          OR
    39                           ; PURPOSE ARE DISCLAIMED.  IN NO EVENT SHALL MICROCHIP BE LIABLE FOR ANY DIRECT, INDIREC
      +                          T,
    40                           ; INCIDENTAL, SPECIAL, EXEMPLARY, OR CONSEQUENTIAL DAMAGES (INCLUDING BUT NOT LIMITED TO
    41                           ; PROCUREMENT OF SUBSTITUTE GOODS OR SERVICES; LOSS OF USE, DATA OR PROFITS; OR BUSINESS
    42                           ; INTERRUPTION) HOWSOEVER CAUSED AND ON ANY THEORY OF LIABILITY, WHETHER IN CONTRACT, ST
      +                          RICT
    43                           ; LIABILITY, OR TORT (INCLUDING NEGLIGENCE OR OTHERWISE) ARISING IN ANY WAY OUT OF THE U
      +                          SE OF
    44                           ; THIS SOFTWARE, EVEN IF ADVISED OF THE POSSIBILITY OF SUCH DAMAGE.
    45                           ; 
    46                           ; 
    47                           ; Code-generator required, PIC16F88 Definitions
    48                           ; 
    49                           ; SFR Addresses
    50  0000                     	;# 
    51  0001                     	;# 
    52  0002                     	;# 
    53  0003                     	;# 
    54  0004                     	;# 
    55  0005                     	;# 
    56  0006                     	;# 
    57  000A                     	;# 
    58  000B                     	;# 
    59  000C                     	;# 
    60  000D                     	;# 
    61  000E                     	;# 
    62  000E                     	;# 
    63  000F                     	;# 
    64  0010                     	;# 
    65  0011                     	;# 
    66  0012                     	;# 
    67  0013                     	;# 
    68  0014                     	;# 
    69  0015                     	;# 
    70  0015                     	;# 
    71  0016                     	;# 
    72  0017                     	;# 
    73  0018                     	;# 
    74  0019                     	;# 
    75  001A                     	;# 
    76  001E                     	;# 
    77  001F                     	;# 
    78  0081                     	;# 
    79  0085                     	;# 
    80  0086                     	;# 
    81  008C                     	;# 
    82  008D                     	;# 
    83  008E                     	;# 
    84  008F                     	;# 
    85  0090                     	;# 
    86  0092                     	;# 
    87  0093                     	;# 
    88  0094                     	;# 
    89  0098                     	;# 
    90  0099                     	;# 
    91  009B                     	;# 
    92  009C                     	;# 
    93  009D                     	;# 
    94  009E                     	;# 
    95  009F                     	;# 
    96  0105                     	;# 
    97  010C                     	;# 
    98  010D                     	;# 
    99  010E                     	;# 
   100  010F                     	;# 
   101  018C                     	;# 
   102  018D                     	;# 
   103  0000                     	;# 
   104  0001                     	;# 
   105  0002                     	;# 
   106  0003                     	;# 
   107  0004                     	;# 
   108  0005                     	;# 
   109  0006                     	;# 
   110  000A                     	;# 
   111  000B                     	;# 
   112  000C                     	;# 
   113  000D                     	;# 
   114  000E                     	;# 
   115  000E                     	;# 
   116  000F                     	;# 
   117  0010                     	;# 
   118  0011                     	;# 
   119  0012                     	;# 
   120  0013                     	;# 
   121  0014                     	;# 
   122  0015                     	;# 
   123  0015                     	;# 
   124  0016                     	;# 
   125  0017                     	;# 
   126  0018                     	;# 
   127  0019                     	;# 
   128  001A                     	;# 
   129  001E                     	;# 
   130  001F                     	;# 
   131  0081                     	;# 
   132  0085                     	;# 
   133  0086                     	;# 
   134  008C                     	;# 
   135  008D                     	;# 
   136  008E                     	;# 
   137  008F                     	;# 
   138  0090                     	;# 
   139  0092                     	;# 
   140  0093                     	;# 
   141  0094                     	;# 
   142  0098                     	;# 
   143  0099                     	;# 
   144  009B                     	;# 
   145  009C                     	;# 
   146  009D                     	;# 
   147  009E                     	;# 
   148  009F                     	;# 
   149  0105                     	;# 
   150  010C                     	;# 
   151  010D                     	;# 
   152  010E                     	;# 
   153  010F                     	;# 
   154  018C                     	;# 
   155  018D                     	;# 
   156  000C                     _PIR1bits	set	12
   157  001F                     _ADCON0bits	set	31
   158  0006                     _PORTBbits	set	6
   159  001E                     _ADRESH	set	30
   160  00FF                     _ADCS1	set	255
   161  00FE                     _ADCS0	set	254
   162  0066                     _ADIF	set	102
   163  0058                     _RBIF	set	88
   164  0059                     _INT0IF	set	89
   165  005A                     _TMR0IF	set	90
   166  005B                     _RBIE	set	91
   167  005C                     _INT0IE	set	92
   168  005D                     _TMR0IE	set	93
   169  005E                     _PEIE	set	94
   170  00F8                     _ADON	set	248
   171  005F                     _GIE	set	95
   172  0086                     _TRISB	set	134
   173  0085                     _TRISA	set	133
   174  009B                     _ANSEL	set	155
   175  008F                     _OSCCONbits	set	143
   176  009E                     _ADRESL	set	158
   177  04FD                     _VCFG1	set	1277
   178  04FC                     _VCFG0	set	1276
   179  04FE                     _ADCS2	set	1278
   180  04FF                     _ADFM	set	1279
   181  0479                     _SCS1	set	1145
   182  0478                     _SCS0	set	1144
   183  047A                     _IOFS	set	1146
   184  047B                     _OSTS	set	1147
   185  0485                     _TUN5	set	1157
   186  0484                     _TUN4	set	1156
   187  0483                     _TUN3	set	1155
   188  0482                     _TUN2	set	1154
   189  0481                     _TUN1	set	1153
   190  0480                     _TUN0	set	1152
   191  0460                     _TMR1IE	set	1120
   192  0461                     _TMR2IE	set	1121
   193  0462                     _CCP1IE	set	1122
   194  0463                     _SSPIE	set	1123
   195  0464                     _TXIE	set	1124
   196  0465                     _RCIE	set	1125
   197  0466                     _ADIE	set	1126
   198  040A                     _PS2	set	1034
   199  0409                     _PS1	set	1033
   200  0408                     _PS0	set	1032
   201  040B                     _PSA	set	1035
   202  040C                     _T0SE	set	1036
   203  040D                     _T0CS	set	1037
   204  040E                     _INTEDG	set	1038
   205  040F                     _nRBPU	set	1039
   206                           
   207                           	psect	cinit
   208  000F                     start_initialization:	
   209                           ; #config settings
   210                           
   211  000F                     __initialization:
   212                           
   213                           ; Clear objects allocated to COMMON
   214  000F  01F0               	clrf	__pbssCOMMON& (0+127)
   215  0010  01F1               	clrf	(__pbssCOMMON+1)& (0+127)
   216  0011  01F2               	clrf	(__pbssCOMMON+2)& (0+127)
   217  0012  01F3               	clrf	(__pbssCOMMON+3)& (0+127)
   218  0013                     end_of_initialization:	
   219                           ;End of C runtime variable initialization code
   220                           
   221  0013                     __end_of__initialization:
   222  0013  0183               	clrf	3
   223  0014  118A  2816         	ljmp	_main	;jump to C main() function
   224                           
   225                           	psect	bssCOMMON
   226  0070                     __pbssCOMMON:
   227  0070                     _adc:
   228  0070                     	ds	2
   229  0072                     _result:
   230  0072                     	ds	2
   231                           
   232                           	psect	cstackCOMMON
   233  0074                     __pcstackCOMMON:
   234  0074                     ?_inicio:
   235  0074                     ?_main:	
   236                           ; 1 bytes @ 0x0
   237                           
   238  0074                     ?_ADC_INTB0:	
   239                           ; 1 bytes @ 0x0
   240                           
   241  0074                     ??_ADC_INTB0:	
   242                           ; 1 bytes @ 0x0
   243                           
   244                           
   245                           ; 1 bytes @ 0x0
   246  0074                     	ds	3
   247  0077                     ??_inicio:
   248  0077                     ??_main:	
   249                           ; 1 bytes @ 0x3
   250                           
   251                           
   252                           	psect	maintext
   253  0016                     __pmaintext:	
   254                           ; 1 bytes @ 0x3
   255 ;;
   256 ;;Main: autosize = 0, tempsize = 0, incstack = 0, save=0
   257 ;;
   258 ;; *************** function _main *****************
   259 ;; Defined at:
   260 ;;		line 35 in file "main.c"
   261 ;; Parameters:    Size  Location     Type
   262 ;;		None
   263 ;; Auto vars:     Size  Location     Type
   264 ;;		None
   265 ;; Return value:  Size  Location     Type
   266 ;;                  1    wreg      void 
   267 ;; Registers used:
   268 ;;		wreg, status,2, status,0, btemp+1, pclath, cstack
   269 ;; Tracked objects:
   270 ;;		On entry : B00/0
   271 ;;		On exit  : 0/0
   272 ;;		Unchanged: 0/0
   273 ;; Data sizes:     COMMON   BANK0   BANK1   BANK3   BANK2
   274 ;;      Params:         0       0       0       0       0
   275 ;;      Locals:         0       0       0       0       0
   276 ;;      Temps:          0       0       0       0       0
   277 ;;      Totals:         0       0       0       0       0
   278 ;;Total ram usage:        0 bytes
   279 ;; Hardware stack levels required when called: 2
   280 ;; This function calls:
   281 ;;		_inicio
   282 ;; This function is called by:
   283 ;;		Startup code after reset
   284 ;; This function uses a non-reentrant model
   285 ;;
   286                           
   287                           
   288                           ;psect for function _main
   289  0016                     _main:
   290  0016                     l769:	
   291                           ;incstack = 0
   292                           ; Regs used in _main: [wreg+status,2+status,0+btemp+1+pclath+cstack]
   293                           
   294                           
   295                           ;main.c: 37:     inicio();
   296  0016  118A  2133  118A   	fcall	_inicio
   297  0019                     l771:
   298                           
   299                           ;main.c: 38:     ADRESH = 0x00;
   300  0019  1283               	bcf	3,5	;RP0=0, select bank0
   301  001A  1303               	bcf	3,6	;RP1=0, select bank0
   302  001B  019E               	clrf	30	;volatile
   303  001C                     l773:
   304                           
   305                           ;main.c: 39:     ADRESL = 0x00;
   306  001C  1683               	bsf	3,5	;RP0=1, select bank1
   307  001D  1303               	bcf	3,6	;RP1=0, select bank1
   308  001E  019E               	clrf	30	;volatile
   309  001F                     l775:
   310                           
   311                           ;main.c: 40:     PORTBbits.RB4 = 0;
   312  001F  1283               	bcf	3,5	;RP0=0, select bank0
   313  0020  1303               	bcf	3,6	;RP1=0, select bank0
   314  0021  1206               	bcf	6,4	;volatile
   315  0022                     l777:
   316                           
   317                           ;main.c: 41:     PORTBbits.RB5 = 0;
   318  0022  1286               	bcf	6,5	;volatile
   319  0023                     l779:
   320                           
   321                           ;main.c: 42:     PORTBbits.RB6 = 0;
   322  0023  1306               	bcf	6,6	;volatile
   323  0024                     l781:
   324                           
   325                           ;main.c: 43:     PORTBbits.RB7 = 0;
   326  0024  1386               	bcf	6,7	;volatile
   327  0025                     l783:
   328                           
   329                           ;main.c: 44:     ADCON0bits.CHS = 0b0000;
   330  0025  30C7               	movlw	-57
   331  0026  059F               	andwf	31,f	;volatile
   332  0027                     l785:
   333                           
   334                           ;main.c: 45:     GIE=1;
   335  0027  178B               	bsf	11,7	;volatile
   336  0028                     l787:
   337                           
   338                           ;main.c: 46:     ADON = 1;
   339  0028  141F               	bsf	31,0	;volatile
   340  0029                     l789:
   341                           
   342                           ;main.c: 50:         if ((result >= 0)&&(result < 205)){
   343  0029  1BF3               	btfsc	_result+1,7
   344  002A  282C               	goto	u11
   345  002B  282D               	goto	u10
   346  002C                     u11:
   347  002C  2841               	goto	l795
   348  002D                     u10:
   349  002D                     l791:
   350  002D  0873               	movf	_result+1,w
   351  002E  3A80               	xorlw	128
   352  002F  00FF               	movwf	btemp+1
   353  0030  3080               	movlw	128
   354  0031  027F               	subwf	btemp+1,w
   355  0032  1D03               	skipz
   356  0033  2836               	goto	u25
   357  0034  30CD               	movlw	205
   358  0035  0272               	subwf	_result,w
   359  0036                     u25:
   360  0036  1803               	skipnc
   361  0037  2839               	goto	u21
   362  0038  283A               	goto	u20
   363  0039                     u21:
   364  0039  2841               	goto	l795
   365  003A                     u20:
   366  003A                     l793:
   367                           
   368                           ;main.c: 52:             PORTBbits.RB4 = 0; PORTBbits.RB5 = 0; PORTBbits.RB6 = 0; PORTBb
      +                          its.RB7 = 0;
   369  003A  1283               	bcf	3,5	;RP0=0, select bank0
   370  003B  1303               	bcf	3,6	;RP1=0, select bank0
   371  003C  1206               	bcf	6,4	;volatile
   372  003D  1286               	bcf	6,5	;volatile
   373  003E  1306               	bcf	6,6	;volatile
   374  003F  1386               	bcf	6,7	;volatile
   375                           
   376                           ;main.c: 53:         }
   377  0040  2829               	goto	l789
   378  0041                     l795:
   379  0041  0873               	movf	_result+1,w
   380  0042  3A80               	xorlw	128
   381  0043  00FF               	movwf	btemp+1
   382  0044  3080               	movlw	128
   383  0045  027F               	subwf	btemp+1,w
   384  0046  1D03               	skipz
   385  0047  284A               	goto	u35
   386  0048  30CD               	movlw	205
   387  0049  0272               	subwf	_result,w
   388  004A                     u35:
   389  004A  1C03               	skipc
   390  004B  284D               	goto	u31
   391  004C  284E               	goto	u30
   392  004D                     u31:
   393  004D  2862               	goto	l801
   394  004E                     u30:
   395  004E                     l797:
   396  004E  0873               	movf	_result+1,w
   397  004F  3A80               	xorlw	128
   398  0050  00FF               	movwf	btemp+1
   399  0051  3081               	movlw	129
   400  0052  027F               	subwf	btemp+1,w
   401  0053  1D03               	skipz
   402  0054  2857               	goto	u45
   403  0055  3099               	movlw	153
   404  0056  0272               	subwf	_result,w
   405  0057                     u45:
   406  0057  1803               	skipnc
   407  0058  285A               	goto	u41
   408  0059  285B               	goto	u40
   409  005A                     u41:
   410  005A  2862               	goto	l801
   411  005B                     u40:
   412  005B                     l799:
   413                           
   414                           ;main.c: 56:             PORTBbits.RB4 = 1; PORTBbits.RB5 = 0; PORTBbits.RB6 = 0; PORTBb
      +                          its.RB7 = 0;
   415  005B  1283               	bcf	3,5	;RP0=0, select bank0
   416  005C  1303               	bcf	3,6	;RP1=0, select bank0
   417  005D  1606               	bsf	6,4	;volatile
   418  005E  1286               	bcf	6,5	;volatile
   419  005F  1306               	bcf	6,6	;volatile
   420  0060  1386               	bcf	6,7	;volatile
   421                           
   422                           ;main.c: 57:         }
   423  0061  2829               	goto	l789
   424  0062                     l801:
   425  0062  0873               	movf	_result+1,w
   426  0063  3A80               	xorlw	128
   427  0064  00FF               	movwf	btemp+1
   428  0065  3081               	movlw	129
   429  0066  027F               	subwf	btemp+1,w
   430  0067  1D03               	skipz
   431  0068  286B               	goto	u55
   432  0069  3099               	movlw	153
   433  006A  0272               	subwf	_result,w
   434  006B                     u55:
   435  006B  1C03               	skipc
   436  006C  286E               	goto	u51
   437  006D  286F               	goto	u50
   438  006E                     u51:
   439  006E  2883               	goto	l807
   440  006F                     u50:
   441  006F                     l803:
   442  006F  0873               	movf	_result+1,w
   443  0070  3A80               	xorlw	128
   444  0071  00FF               	movwf	btemp+1
   445  0072  3082               	movlw	130
   446  0073  027F               	subwf	btemp+1,w
   447  0074  1D03               	skipz
   448  0075  2878               	goto	u65
   449  0076  3066               	movlw	102
   450  0077  0272               	subwf	_result,w
   451  0078                     u65:
   452  0078  1803               	skipnc
   453  0079  287B               	goto	u61
   454  007A  287C               	goto	u60
   455  007B                     u61:
   456  007B  2883               	goto	l807
   457  007C                     u60:
   458  007C                     l805:
   459                           
   460                           ;main.c: 60:             PORTBbits.RB4 = 1; PORTBbits.RB5 = 1; PORTBbits.RB6 = 0; PORTBb
      +                          its.RB7 = 0;
   461  007C  1283               	bcf	3,5	;RP0=0, select bank0
   462  007D  1303               	bcf	3,6	;RP1=0, select bank0
   463  007E  1606               	bsf	6,4	;volatile
   464  007F  1686               	bsf	6,5	;volatile
   465  0080  1306               	bcf	6,6	;volatile
   466  0081  1386               	bcf	6,7	;volatile
   467                           
   468                           ;main.c: 61:         }
   469  0082  2829               	goto	l789
   470  0083                     l807:
   471  0083  0873               	movf	_result+1,w
   472  0084  3A80               	xorlw	128
   473  0085  00FF               	movwf	btemp+1
   474  0086  3082               	movlw	130
   475  0087  027F               	subwf	btemp+1,w
   476  0088  1D03               	skipz
   477  0089  288C               	goto	u75
   478  008A  3066               	movlw	102
   479  008B  0272               	subwf	_result,w
   480  008C                     u75:
   481  008C  1C03               	skipc
   482  008D  288F               	goto	u71
   483  008E  2890               	goto	u70
   484  008F                     u71:
   485  008F  28A4               	goto	l813
   486  0090                     u70:
   487  0090                     l809:
   488  0090  0873               	movf	_result+1,w
   489  0091  3A80               	xorlw	128
   490  0092  00FF               	movwf	btemp+1
   491  0093  3083               	movlw	131
   492  0094  027F               	subwf	btemp+1,w
   493  0095  1D03               	skipz
   494  0096  2899               	goto	u85
   495  0097  3032               	movlw	50
   496  0098  0272               	subwf	_result,w
   497  0099                     u85:
   498  0099  1803               	skipnc
   499  009A  289C               	goto	u81
   500  009B  289D               	goto	u80
   501  009C                     u81:
   502  009C  28A4               	goto	l813
   503  009D                     u80:
   504  009D                     l811:
   505                           
   506                           ;main.c: 64:             PORTBbits.RB4 = 1; PORTBbits.RB5 = 1; PORTBbits.RB6 = 1; PORTBb
      +                          its.RB7 = 0;
   507  009D  1283               	bcf	3,5	;RP0=0, select bank0
   508  009E  1303               	bcf	3,6	;RP1=0, select bank0
   509  009F  1606               	bsf	6,4	;volatile
   510  00A0  1686               	bsf	6,5	;volatile
   511  00A1  1706               	bsf	6,6	;volatile
   512  00A2  1386               	bcf	6,7	;volatile
   513                           
   514                           ;main.c: 65:         }
   515  00A3  2829               	goto	l789
   516  00A4                     l813:
   517  00A4  0873               	movf	_result+1,w
   518  00A5  3A80               	xorlw	128
   519  00A6  00FF               	movwf	btemp+1
   520  00A7  3083               	movlw	131
   521  00A8  027F               	subwf	btemp+1,w
   522  00A9  1D03               	skipz
   523  00AA  28AD               	goto	u95
   524  00AB  3032               	movlw	50
   525  00AC  0272               	subwf	_result,w
   526  00AD                     u95:
   527  00AD  1C03               	skipc
   528  00AE  28B0               	goto	u91
   529  00AF  28B1               	goto	u90
   530  00B0                     u91:
   531  00B0  28C5               	goto	l122
   532  00B1                     u90:
   533  00B1                     l815:
   534  00B1  0873               	movf	_result+1,w
   535  00B2  3A80               	xorlw	128
   536  00B3  00FF               	movwf	btemp+1
   537  00B4  3084               	movlw	132
   538  00B5  027F               	subwf	btemp+1,w
   539  00B6  1D03               	skipz
   540  00B7  28BA               	goto	u105
   541  00B8  3000               	movlw	0
   542  00B9  0272               	subwf	_result,w
   543  00BA                     u105:
   544  00BA  1803               	skipnc
   545  00BB  28BD               	goto	u101
   546  00BC  28BE               	goto	u100
   547  00BD                     u101:
   548  00BD  28C5               	goto	l122
   549  00BE                     u100:
   550  00BE                     l817:
   551                           
   552                           ;main.c: 68:             PORTBbits.RB4 = 1; PORTBbits.RB5 = 1; PORTBbits.RB6 = 1; PORTBb
      +                          its.RB7 = 1;
   553  00BE  1283               	bcf	3,5	;RP0=0, select bank0
   554  00BF  1303               	bcf	3,6	;RP1=0, select bank0
   555  00C0  1606               	bsf	6,4	;volatile
   556  00C1  1686               	bsf	6,5	;volatile
   557  00C2  1706               	bsf	6,6	;volatile
   558  00C3  1786               	bsf	6,7	;volatile
   559                           
   560                           ;main.c: 69:         }
   561  00C4  2829               	goto	l789
   562  00C5                     l122:	
   563                           ;main.c: 70:         else{
   564                           
   565                           
   566                           ;main.c: 71:             PORTBbits.RB4 = 0; PORTBbits.RB5 = 0; PORTBbits.RB6 = 0; PORTBb
      +                          its.RB7 = 0;
   567  00C5  1283               	bcf	3,5	;RP0=0, select bank0
   568  00C6  1303               	bcf	3,6	;RP1=0, select bank0
   569  00C7  1206               	bcf	6,4	;volatile
   570  00C8  1286               	bcf	6,5	;volatile
   571  00C9  1306               	bcf	6,6	;volatile
   572  00CA  1386               	bcf	6,7	;volatile
   573  00CB  2829               	goto	l789
   574  00CC  118A  280D         	ljmp	start
   575  00CE                     __end_of_main:
   576                           
   577                           	psect	text1
   578  0133                     __ptext1:	
   579 ;; *************** function _inicio *****************
   580 ;; Defined at:
   581 ;;		line 78 in file "main.c"
   582 ;; Parameters:    Size  Location     Type
   583 ;;		None
   584 ;; Auto vars:     Size  Location     Type
   585 ;;		None
   586 ;; Return value:  Size  Location     Type
   587 ;;                  1    wreg      void 
   588 ;; Registers used:
   589 ;;		wreg, status,2, status,0
   590 ;; Tracked objects:
   591 ;;		On entry : 0/0
   592 ;;		On exit  : 0/0
   593 ;;		Unchanged: 0/0
   594 ;; Data sizes:     COMMON   BANK0   BANK1   BANK3   BANK2
   595 ;;      Params:         0       0       0       0       0
   596 ;;      Locals:         0       0       0       0       0
   597 ;;      Temps:          0       0       0       0       0
   598 ;;      Totals:         0       0       0       0       0
   599 ;;Total ram usage:        0 bytes
   600 ;; Hardware stack levels used: 1
   601 ;; Hardware stack levels required when called: 1
   602 ;; This function calls:
   603 ;;		Nothing
   604 ;; This function is called by:
   605 ;;		_main
   606 ;; This function uses a non-reentrant model
   607 ;;
   608                           
   609                           
   610                           ;psect for function _inicio
   611  0133                     _inicio:
   612  0133                     l735:	
   613                           ;incstack = 0
   614                           ; Regs used in _inicio: [wreg+status,2+status,0]
   615                           
   616                           
   617                           ;main.c: 81:     nRBPU = 1;
   618  0133  1683               	bsf	3,5	;RP0=1, select bank1
   619  0134  1303               	bcf	3,6	;RP1=0, select bank1
   620  0135  1781               	bsf	1,7	;volatile
   621                           
   622                           ;main.c: 82:     INTEDG = 1;
   623  0136  1701               	bsf	1,6	;volatile
   624                           
   625                           ;main.c: 83:     T0CS = 0;
   626  0137  1281               	bcf	1,5	;volatile
   627                           
   628                           ;main.c: 84:     T0SE = 0;
   629  0138  1201               	bcf	1,4	;volatile
   630                           
   631                           ;main.c: 85:     PSA = 0;
   632  0139  1181               	bcf	1,3	;volatile
   633                           
   634                           ;main.c: 86:     PS0 = 1;
   635  013A  1401               	bsf	1,0	;volatile
   636                           
   637                           ;main.c: 87:     PS1 = 1;
   638  013B  1481               	bsf	1,1	;volatile
   639                           
   640                           ;main.c: 88:     PS2 = 1;
   641  013C  1501               	bsf	1,2	;volatile
   642                           
   643                           ;main.c: 91:     GIE = 0;
   644  013D  138B               	bcf	11,7	;volatile
   645                           
   646                           ;main.c: 92:     PEIE = 1;
   647  013E  170B               	bsf	11,6	;volatile
   648                           
   649                           ;main.c: 93:     TMR0IE = 0;
   650  013F  128B               	bcf	11,5	;volatile
   651                           
   652                           ;main.c: 94:     INT0IE = 1;
   653  0140  160B               	bsf	11,4	;volatile
   654                           
   655                           ;main.c: 95:     RBIE = 0;
   656  0141  118B               	bcf	11,3	;volatile
   657                           
   658                           ;main.c: 96:     TMR0IF = 0;
   659  0142  110B               	bcf	11,2	;volatile
   660                           
   661                           ;main.c: 97:     INT0IF = 0;
   662  0143  108B               	bcf	11,1	;volatile
   663                           
   664                           ;main.c: 98:     RBIF = 0;
   665  0144  100B               	bcf	11,0	;volatile
   666                           
   667                           ;main.c: 101:     ADIE = 1;
   668  0145  170C               	bsf	12,6	;volatile
   669                           
   670                           ;main.c: 102:     RCIE = 0;
   671  0146  128C               	bcf	12,5	;volatile
   672                           
   673                           ;main.c: 103:     TXIE = 0;
   674  0147  120C               	bcf	12,4	;volatile
   675                           
   676                           ;main.c: 104:     SSPIE = 0;
   677  0148  118C               	bcf	12,3	;volatile
   678                           
   679                           ;main.c: 105:     CCP1IE = 0;
   680  0149  110C               	bcf	12,2	;volatile
   681                           
   682                           ;main.c: 106:     TMR2IE = 0;
   683  014A  108C               	bcf	12,1	;volatile
   684                           
   685                           ;main.c: 107:     TMR1IE = 0;
   686  014B  100C               	bcf	12,0	;volatile
   687                           
   688                           ;main.c: 110:     ADIF = 0;
   689  014C  1283               	bcf	3,5	;RP0=0, select bank0
   690  014D  1303               	bcf	3,6	;RP1=0, select bank0
   691  014E  130C               	bcf	12,6	;volatile
   692                           
   693                           ;main.c: 116:     TUN0 = 0;
   694  014F  1683               	bsf	3,5	;RP0=1, select bank1
   695  0150  1303               	bcf	3,6	;RP1=0, select bank1
   696  0151  1010               	bcf	16,0	;volatile
   697                           
   698                           ;main.c: 117:     TUN1 = 0;
   699  0152  1090               	bcf	16,1	;volatile
   700                           
   701                           ;main.c: 118:     TUN2 = 0;
   702  0153  1110               	bcf	16,2	;volatile
   703                           
   704                           ;main.c: 119:     TUN3 = 0;
   705  0154  1190               	bcf	16,3	;volatile
   706                           
   707                           ;main.c: 120:     TUN4 = 0;
   708  0155  1210               	bcf	16,4	;volatile
   709                           
   710                           ;main.c: 121:     TUN5 = 0;
   711  0156  1290               	bcf	16,5	;volatile
   712  0157                     l737:
   713                           
   714                           ;main.c: 124:    OSCCONbits.IRCF = 0b0111;
   715  0157  3070               	movlw	112
   716  0158  048F               	iorwf	15,f	;volatile
   717  0159                     l739:
   718                           
   719                           ;main.c: 125:    OSTS = 1;
   720  0159  158F               	bsf	15,3	;volatile
   721  015A                     l741:
   722                           
   723                           ;main.c: 126:    IOFS = 1;
   724  015A  150F               	bsf	15,2	;volatile
   725  015B                     l743:
   726                           
   727                           ;main.c: 127:    SCS0 = 0;
   728  015B  100F               	bcf	15,0	;volatile
   729  015C                     l745:
   730                           
   731                           ;main.c: 128:    SCS1 = 0;
   732  015C  108F               	bcf	15,1	;volatile
   733  015D                     l747:
   734                           
   735                           ;main.c: 131:    ANSEL = 0x0F;
   736  015D  300F               	movlw	15
   737  015E  009B               	movwf	27	;volatile
   738  015F                     l749:
   739                           
   740                           ;main.c: 134:    ADCS0 = 1;
   741  015F  1283               	bcf	3,5	;RP0=0, select bank0
   742  0160  1303               	bcf	3,6	;RP1=0, select bank0
   743  0161  171F               	bsf	31,6	;volatile
   744  0162                     l751:
   745                           
   746                           ;main.c: 135:    ADCS1 = 0;
   747  0162  139F               	bcf	31,7	;volatile
   748  0163                     l753:
   749                           
   750                           ;main.c: 136:    ADCON0bits.GO_nDONE = 1;
   751  0163  151F               	bsf	31,2	;volatile
   752  0164                     l755:
   753                           
   754                           ;main.c: 137:    ADON = 0;
   755  0164  101F               	bcf	31,0	;volatile
   756  0165                     l757:
   757                           
   758                           ;main.c: 140:    ADFM = 1;
   759  0165  1683               	bsf	3,5	;RP0=1, select bank1
   760  0166  1303               	bcf	3,6	;RP1=0, select bank1
   761  0167  179F               	bsf	31,7	;volatile
   762  0168                     l759:
   763                           
   764                           ;main.c: 141:    ADCS2 = 0;
   765  0168  131F               	bcf	31,6	;volatile
   766  0169                     l761:
   767                           
   768                           ;main.c: 142:    VCFG0 = 0;
   769  0169  121F               	bcf	31,4	;volatile
   770  016A                     l763:
   771                           
   772                           ;main.c: 143:    VCFG1 = 0;
   773  016A  129F               	bcf	31,5	;volatile
   774  016B                     l765:
   775                           
   776                           ;main.c: 146:    TRISA = 0x2F;
   777  016B  302F               	movlw	47
   778  016C  0085               	movwf	5	;volatile
   779  016D                     l767:
   780                           
   781                           ;main.c: 149:    TRISB = 0x01;
   782  016D  3001               	movlw	1
   783  016E  0086               	movwf	6	;volatile
   784  016F                     l129:
   785  016F  0008               	return
   786  0170                     __end_of_inicio:
   787                           
   788                           	psect	text2
   789  00CE                     __ptext2:	
   790 ;; *************** function _ADC_INTB0 *****************
   791 ;; Defined at:
   792 ;;		line 153 in file "main.c"
   793 ;; Parameters:    Size  Location     Type
   794 ;;		None
   795 ;; Auto vars:     Size  Location     Type
   796 ;;		None
   797 ;; Return value:  Size  Location     Type
   798 ;;                  1    wreg      void 
   799 ;; Registers used:
   800 ;;		wreg, fsr0l, fsr0h, status,2, status,0
   801 ;; Tracked objects:
   802 ;;		On entry : 0/0
   803 ;;		On exit  : 0/0
   804 ;;		Unchanged: 0/0
   805 ;; Data sizes:     COMMON   BANK0   BANK1   BANK3   BANK2
   806 ;;      Params:         0       0       0       0       0
   807 ;;      Locals:         0       0       0       0       0
   808 ;;      Temps:          3       0       0       0       0
   809 ;;      Totals:         3       0       0       0       0
   810 ;;Total ram usage:        3 bytes
   811 ;; Hardware stack levels used: 1
   812 ;; This function calls:
   813 ;;		Nothing
   814 ;; This function is called by:
   815 ;;		Interrupt level 1
   816 ;; This function uses a non-reentrant model
   817 ;;
   818                           
   819                           
   820                           ;psect for function _ADC_INTB0
   821  00CE                     _ADC_INTB0:
   822  00CE                     i1l819:
   823                           
   824                           ;main.c: 155:     if(ADIF && ADIE){
   825  00CE  1283               	bcf	3,5	;RP0=0, select bank0
   826  00CF  1303               	bcf	3,6	;RP1=0, select bank0
   827  00D0  1F0C               	btfss	12,6	;volatile
   828  00D1  28D3               	goto	u11_21
   829  00D2  28D4               	goto	u11_20
   830  00D3                     u11_21:
   831  00D3  28E6               	goto	i1l829
   832  00D4                     u11_20:
   833  00D4                     i1l821:
   834  00D4  1683               	bsf	3,5	;RP0=1, select bank1
   835  00D5  1303               	bcf	3,6	;RP1=0, select bank1
   836  00D6  1F0C               	btfss	12,6	;volatile
   837  00D7  28D9               	goto	u12_21
   838  00D8  28DA               	goto	u12_20
   839  00D9                     u12_21:
   840  00D9  28E6               	goto	i1l829
   841  00DA                     u12_20:
   842  00DA                     i1l823:
   843                           
   844                           ;main.c: 156:         result = ((ADRESH << 8) | ADRESL);
   845  00DA  1283               	bcf	3,5	;RP0=0, select bank0
   846  00DB  1303               	bcf	3,6	;RP1=0, select bank0
   847  00DC  081E               	movf	30,w	;volatile
   848  00DD  00F3               	movwf	_result+1
   849  00DE  1683               	bsf	3,5	;RP0=1, select bank1
   850  00DF  1303               	bcf	3,6	;RP1=0, select bank1
   851  00E0  081E               	movf	30,w	;volatile
   852  00E1  00F2               	movwf	_result
   853  00E2                     i1l825:
   854                           
   855                           ;main.c: 157:         PIR1bits.ADIF = 0;
   856  00E2  1283               	bcf	3,5	;RP0=0, select bank0
   857  00E3  1303               	bcf	3,6	;RP1=0, select bank0
   858  00E4  130C               	bcf	12,6	;volatile
   859  00E5                     i1l827:
   860                           
   861                           ;main.c: 158:         ADCON0bits.GO_nDONE = 1;
   862  00E5  151F               	bsf	31,2	;volatile
   863  00E6                     i1l829:
   864                           
   865                           ;main.c: 160:     if(INT0IE && INT0IF){
   866  00E6  1E0B               	btfss	11,4	;volatile
   867  00E7  28E9               	goto	u13_21
   868  00E8  28EA               	goto	u13_20
   869  00E9                     u13_21:
   870  00E9  292A               	goto	i1l143
   871  00EA                     u13_20:
   872  00EA                     i1l831:
   873  00EA  1C8B               	btfss	11,1	;volatile
   874  00EB  28ED               	goto	u14_21
   875  00EC  28EE               	goto	u14_20
   876  00ED                     u14_21:
   877  00ED  292A               	goto	i1l143
   878  00EE                     u14_20:
   879  00EE                     i1l833:
   880                           
   881                           ;main.c: 161:         INT0IF = 0;
   882  00EE  108B               	bcf	11,1	;volatile
   883  00EF                     i1l835:
   884                           
   885                           ;main.c: 162:         adc++;
   886  00EF  3001               	movlw	1
   887  00F0  07F0               	addwf	_adc,f
   888  00F1  1803               	skipnc
   889  00F2  0AF1               	incf	_adc+1,f
   890  00F3  3000               	movlw	0
   891  00F4  07F1               	addwf	_adc+1,f
   892  00F5                     i1l837:
   893                           
   894                           ;main.c: 163:         if(adc==4){
   895  00F5  3004               	movlw	4
   896  00F6  0670               	xorwf	_adc,w
   897  00F7  0471               	iorwf	_adc+1,w
   898  00F8  1D03               	btfss	3,2
   899  00F9  28FB               	goto	u15_21
   900  00FA  28FC               	goto	u15_20
   901  00FB                     u15_21:
   902  00FB  2915               	goto	i1l851
   903  00FC                     u15_20:
   904  00FC                     i1l839:
   905                           
   906                           ;main.c: 164:             adc=0;
   907  00FC  01F0               	clrf	_adc
   908  00FD  01F1               	clrf	_adc+1
   909  00FE  2915               	goto	i1l851
   910  00FF                     i1l841:
   911                           
   912                           ;main.c: 168:             ADCON0bits.CHS = 0b0000;
   913  00FF  30C7               	movlw	-57
   914  0100  1283               	bcf	3,5	;RP0=0, select bank0
   915  0101  059F               	andwf	31,f	;volatile
   916                           
   917                           ;main.c: 169:             break;
   918  0102  2928               	goto	i1l139
   919  0103                     i1l843:
   920                           
   921                           ;main.c: 171:             ADCON0bits.CHS = 0b0001;
   922  0103  1283               	bcf	3,5	;RP0=0, select bank0
   923  0104  081F               	movf	31,w	;volatile
   924  0105  39C7               	andlw	-57
   925  0106  3808               	iorlw	8
   926  0107  009F               	movwf	31	;volatile
   927                           
   928                           ;main.c: 172:             break;
   929  0108  2928               	goto	i1l139
   930  0109                     i1l845:
   931                           
   932                           ;main.c: 174:             ADCON0bits.CHS = 0b0010;
   933  0109  1283               	bcf	3,5	;RP0=0, select bank0
   934  010A  081F               	movf	31,w	;volatile
   935  010B  39C7               	andlw	-57
   936  010C  3810               	iorlw	16
   937  010D  009F               	movwf	31	;volatile
   938                           
   939                           ;main.c: 175:             break;
   940  010E  2928               	goto	i1l139
   941  010F                     i1l847:
   942                           
   943                           ;main.c: 177:             ADCON0bits.CHS = 0b0011;
   944  010F  1283               	bcf	3,5	;RP0=0, select bank0
   945  0110  081F               	movf	31,w	;volatile
   946  0111  39C7               	andlw	-57
   947  0112  3818               	iorlw	24
   948  0113  009F               	movwf	31	;volatile
   949                           
   950                           ;main.c: 178:             break;
   951  0114  2928               	goto	i1l139
   952  0115                     i1l851:
   953                           
   954                           ; Switch on 2 bytes has been partitioned into a top level switch of size 1, and 1 sub-sw
      +                          itches
   955                           ; Switch size 1, requested type "simple"
   956                           ; Number of cases is 1, Range of values is 0 to 0
   957                           ; switch strategies available:
   958                           ; Name         Instructions Cycles
   959                           ; simple_byte            4     3 (average)
   960                           ; direct_byte            9     7 (fixed)
   961                           ; jumptable            260     6 (fixed)
   962                           ;	Chosen strategy is simple_byte
   963  0115  0871               	movf	_adc+1,w
   964  0116  3A00               	xorlw	0	; case 0
   965  0117  1903               	skipnz
   966  0118  291A               	goto	i1l877
   967  0119  2928               	goto	i1l139
   968  011A                     i1l877:
   969                           
   970                           ; Switch size 1, requested type "simple"
   971                           ; Number of cases is 4, Range of values is 0 to 3
   972                           ; switch strategies available:
   973                           ; Name         Instructions Cycles
   974                           ; simple_byte           13     7 (average)
   975                           ; direct_byte           15     7 (fixed)
   976                           ; jumptable            260     6 (fixed)
   977                           ;	Chosen strategy is simple_byte
   978  011A  0870               	movf	_adc,w
   979  011B  3A00               	xorlw	0	; case 0
   980  011C  1903               	skipnz
   981  011D  28FF               	goto	i1l841
   982  011E  3A01               	xorlw	1	; case 1
   983  011F  1903               	skipnz
   984  0120  2903               	goto	i1l843
   985  0121  3A03               	xorlw	3	; case 2
   986  0122  1903               	skipnz
   987  0123  2909               	goto	i1l845
   988  0124  3A01               	xorlw	1	; case 3
   989  0125  1903               	skipnz
   990  0126  290F               	goto	i1l847
   991  0127  2928               	goto	i1l139
   992  0128                     i1l139:
   993                           
   994                           ;main.c: 180:         _delay((unsigned long)((3)*(4000000/4000000.0)));
   995  0128  2929               	nop2	;2 cycle nop
   996  0129  0000               	nop
   997  012A                     i1l143:
   998  012A  0876               	movf	??_ADC_INTB0+2,w
   999  012B  008A               	movwf	10
  1000  012C  0875               	movf	??_ADC_INTB0+1,w
  1001  012D  0084               	movwf	4
  1002  012E  0E74               	swapf	??_ADC_INTB0,w
  1003  012F  0083               	movwf	3
  1004  0130  0EFE               	swapf	btemp,f
  1005  0131  0E7E               	swapf	btemp,w
  1006  0132  0009               	retfie
  1007  0133                     __end_of_ADC_INTB0:
  1008  007E                     btemp	set	126	;btemp
  1009  007E                     wtemp0	set	126
  1010                           
  1011                           	psect	intentry
  1012  0004                     __pintentry:	
  1013                           ;incstack = 0
  1014                           ; Regs used in _ADC_INTB0: [wreg-fsr0h+status,2+status,0]
  1015                           
  1016  0004                     interrupt_function:
  1017  007E                     saved_w	set	btemp
  1018  0004  00FE               	movwf	btemp
  1019  0005  0E03               	swapf	3,w
  1020  0006  00F4               	movwf	??_ADC_INTB0
  1021  0007  0804               	movf	4,w
  1022  0008  00F5               	movwf	??_ADC_INTB0+1
  1023  0009  080A               	movf	10,w
  1024  000A  00F6               	movwf	??_ADC_INTB0+2
  1025  000B  118A  28CE         	ljmp	_ADC_INTB0
  1026                           
  1027                           	psect	idloc
  1028                           
  1029                           ;Config register IDLOC0 @ 0x2000
  1030                           ;	unspecified, using default values
  1031  2000                     	org	8192
  1032  2000  3FFF               	dw	16383
  1033                           
  1034                           ;Config register IDLOC1 @ 0x2001
  1035                           ;	unspecified, using default values
  1036  2001                     	org	8193
  1037  2001  3FFF               	dw	16383
  1038                           
  1039                           ;Config register IDLOC2 @ 0x2002
  1040                           ;	unspecified, using default values
  1041  2002                     	org	8194
  1042  2002  3FFF               	dw	16383
  1043                           
  1044                           ;Config register IDLOC3 @ 0x2003
  1045                           ;	unspecified, using default values
  1046  2003                     	org	8195
  1047  2003  3FFF               	dw	16383
  1048                           
  1049                           	psect	config
  1050                           
  1051                           ;Config register CONFIG1 @ 0x2007
  1052                           ;	Oscillator Selection bits
  1053                           ;	FOSC = INTOSCIO, INTRC oscillator; port I/O function on both RA6/OSC2/CLKO pin and RA7
      +                          /OSC1/CLKI pin
  1054                           ;	Watchdog Timer Enable bit
  1055                           ;	WDTE = OFF, WDT disabled
  1056                           ;	Power-up Timer Enable bit
  1057                           ;	PWRTE = OFF, PWRT disabled
  1058                           ;	RA5/MCLR/VPP Pin Function Select bit
  1059                           ;	MCLRE = ON, RA5/MCLR/VPP pin function is MCLR
  1060                           ;	Brown-out Reset Enable bit
  1061                           ;	BOREN = ON, BOR enabled
  1062                           ;	Low-Voltage Programming Enable bit
  1063                           ;	LVP = ON, RB3/PGM pin has PGM function, Low-Voltage Programming enabled
  1064                           ;	Data EE Memory Code Protection bit
  1065                           ;	CPD = OFF, Code protection off
  1066                           ;	Flash Program Memory Write Enable bits
  1067                           ;	WRT = OFF, Write protection off
  1068                           ;	In-Circuit Debugger Mode bit
  1069                           ;	DEBUG = 0x1, unprogrammed default
  1070                           ;	CCP1 Pin Selection bit
  1071                           ;	CCPMX = RB3, CCP1 function on RB3
  1072                           ;	Flash Program Memory Code Protection bit
  1073                           ;	CP = OFF, Code protection off
  1074  2007                     	org	8199
  1075  2007  2FF8               	dw	12280
  1076                           
  1077                           ;Config register CONFIG2 @ 0x2008
  1078                           ;	Fail-Safe Clock Monitor Enable bit
  1079                           ;	FCMEN = ON, Fail-Safe Clock Monitor enabled
  1080                           ;	Internal External Switchover bit
  1081                           ;	IESO = ON, Internal External Switchover mode enabled
  1082  2008                     	org	8200
  1083  2008  3FFF               	dw	16383

Data Sizes:
    Strings     0
    Constant    0
    Data        0
    BSS         4
    Persistent  0
    Stack       0

Auto Spaces:
    Space          Size  Autos    Used
    COMMON           14      3       7
    BANK0            80      0       0
    BANK1            80      0       0
    BANK3            96      0       0
    BANK2            96      0       0

Pointer List with Targets:

    None.

Critical Paths under _main in COMMON

    None.

Critical Paths under _ADC_INTB0 in COMMON

    None.

Critical Paths under _main in BANK0

    None.

Critical Paths under _ADC_INTB0 in BANK0

    None.

Critical Paths under _main in BANK1

    None.

Critical Paths under _ADC_INTB0 in BANK1

    None.

Critical Paths under _main in BANK3

    None.

Critical Paths under _ADC_INTB0 in BANK3

    None.

Critical Paths under _main in BANK2

    None.

Critical Paths under _ADC_INTB0 in BANK2

    None.

Call Graph Tables:

 ---------------------------------------------------------------------------------
 (Depth) Function   	        Calls       Base Space   Used Autos Params    Refs
 ---------------------------------------------------------------------------------
 (0) _main                                                 0     0      0       0
                             _inicio
 ---------------------------------------------------------------------------------
 (1) _inicio                                               0     0      0       0
 ---------------------------------------------------------------------------------
 Estimated maximum stack depth 1
 ---------------------------------------------------------------------------------
 (Depth) Function   	        Calls       Base Space   Used Autos Params    Refs
 ---------------------------------------------------------------------------------
 (2) _ADC_INTB0                                            3     3      0       0
                                              0 COMMON     3     3      0
 ---------------------------------------------------------------------------------
 Estimated maximum stack depth 2
 ---------------------------------------------------------------------------------

 Call Graph Graphs:

 _main (ROOT)
   _inicio

 _ADC_INTB0 (ROOT)

 Address spaces:
Name               Size   Autos  Total    Cost      Usage
BITCOMMON            E      0       0       0        0.0%
EEDATA             100      0       0       0        0.0%
NULL                 0      0       0       0        0.0%
CODE                 0      0       0       0        0.0%
COMMON               E      3       7       1       50.0%
BITSFR0              0      0       0       1        0.0%
SFR0                 0      0       0       1        0.0%
BITSFR1              0      0       0       2        0.0%
SFR1                 0      0       0       2        0.0%
STACK                0      0       0       2        0.0%
ABS                  0      0       7       3        0.0%
BITBANK0            50      0       0       4        0.0%
BITSFR3              0      0       0       4        0.0%
SFR3                 0      0       0       4        0.0%
BANK0               50      0       0       5        0.0%
BITSFR2              0      0       0       5        0.0%
SFR2                 0      0       0       5        0.0%
BITBANK1            50      0       0       6        0.0%
BANK1               50      0       0       7        0.0%
BITBANK3            60      0       0       8        0.0%
BANK3               60      0       0       9        0.0%
BITBANK2            60      0       0      10        0.0%
BANK2               60      0       0      11        0.0%
DATA                 0      0       7      12        0.0%


Microchip Technology PIC Macro Assembler V2.32 build 20210201212658 
Symbol Table                                                                                   Thu Mar 31 00:58:02 2022

     __size_of_ADC_INTB0 0065                       u10 002D                       u11 002C  
                     u20 003A                       u21 0039                       u30 004E  
                     u31 004D                       u40 005B                       u41 005A  
                     u25 0036                       u50 006F                       u51 006E  
                     u35 004A                       u60 007C                       u61 007B  
                     u45 0057                       u70 0090                       u71 008F  
                     u55 006B                       u80 009D                       u81 009C  
                     u65 0078                       u90 00B1                       u91 00B0  
                     u75 008C                       u85 0099                       u95 00AD  
                    l122 00C5                      l129 016F                      l801 0062  
                    l811 009D                      l803 006F                      l741 015A  
                    l813 00A4                      l805 007C                      l751 0162  
                    l743 015B                      l735 0133                      l815 00B1  
                    l807 0083                      l761 0169                      l753 0163  
                    l745 015C                      l737 0157                      l817 00BE  
                    l809 0090                      l763 016A                      l755 0164  
                    l747 015D                      l739 0159                      l771 0019  
                    l765 016B                      l757 0165                      l749 015F  
                    l781 0024                      l773 001C                      l767 016D  
                    l759 0168                      l791 002D                      l783 0025  
                    l775 001F                      l793 003A                      l785 0027  
                    l777 0022                      l769 0016                      l795 0041  
                    l787 0028                      l779 0023                      l797 004E  
                    l789 0029                      l799 005B                      _GIE 005F  
                    u100 00BE                      u101 00BD                      u105 00BA  
                    _PS0 0408                      _PS1 0409                      _PS2 040A  
                    _PSA 040B                      _adc 0070                      fsr0 0004  
                   _ADIE 0466                     _ADIF 0066                     _ADFM 04FF  
                   _ADON 00F8                     _T0CS 040D                     _T0SE 040C  
                   _IOFS 047A                     _PEIE 005E                     _RBIE 005B  
                   _RBIF 0058                     _RCIE 0465                     _SCS0 0478  
                   _SCS1 0479                     _OSTS 047B                     _TUN0 0480  
                   _TUN1 0481                     _TUN2 0482                     _TUN3 0483  
                   _TUN4 0484                     _TUN5 0485                     _TXIE 0464  
                   _main 0016                     btemp 007E                     start 000D  
                  _ADCS0 00FE                    _ADCS1 00FF                    _ADCS2 04FE  
                  ?_main 0074                    _ANSEL 009B                    i1l143 012A  
                  i1l139 0128                    i1l821 00D4                    i1l831 00EA  
                  i1l823 00DA                    i1l841 00FF                    i1l833 00EE  
                  i1l825 00E2                    i1l843 0103                    i1l851 0115  
                  i1l835 00EF                    i1l827 00E5                    i1l819 00CE  
                  i1l845 0109                    i1l837 00F5                    i1l829 00E6  
                  i1l847 010F                    i1l839 00FC                    i1l877 011A  
                  _VCFG0 04FC                    _VCFG1 04FD                    u11_20 00D4  
                  u11_21 00D3                    u12_20 00DA                    u12_21 00D9  
                  u13_20 00EA                    u13_21 00E9                    u14_20 00EE  
                  u14_21 00ED                    u15_20 00FC                    u15_21 00FB  
                  _TRISA 0085                    _TRISB 0086                    _SSPIE 0463  
                  _nRBPU 040F        __end_of_ADC_INTB0 0133                    pclath 000A  
                  status 0003                    wtemp0 007E          __initialization 000F  
           __end_of_main 00CE                   ??_main 0077                   _CCP1IE 0462  
                 _ADRESH 001E                   _ADRESL 009E                   _INT0IE 005C  
                 _INT0IF 0059                   _INTEDG 040E                   _TMR0IE 005D  
                 _TMR0IF 005A                   _TMR1IE 0460                   _TMR2IE 0461  
                 _inicio 0133                   _result 0072                   saved_w 007E  
__end_of__initialization 0013           __pcstackCOMMON 0074               __pmaintext 0016  
             __pintentry 0004                  ?_inicio 0074                _ADC_INTB0 00CE  
        __size_of_inicio 003D                  __ptext1 0133                  __ptext2 00CE  
   end_of_initialization 0013               ?_ADC_INTB0 0074                _PORTBbits 0006  
         __end_of_inicio 0170      start_initialization 000F              ??_ADC_INTB0 0074  
               ??_inicio 0077              __pbssCOMMON 0070                ___latbits 0001  
      interrupt_function 0004                 _PIR1bits 000C               _ADCON0bits 001F  
          __size_of_main 00B8                 intlevel1 0000               _OSCCONbits 008F  
